#
# There is insufficient memory for the Java Runtime Environment to continue.
# Cannot create GC thread. Out of system resources.
# Possible reasons:
#   The system is out of physical RAM or swap space
#   In 32 bit mode, the process size limit was hit
# Possible solutions:
#   Reduce memory load on the system
#   Increase physical memory or swap space
#   Check if swap backing store is full
#   Use 64 bit Java on a 64 bit OS
#   Decrease Java heap size (-Xmx/-Xms)
#   Decrease number of Java threads
#   Decrease Java thread stack sizes (-Xss)
#   Set larger code cache with -XX:ReservedCodeCacheSize=
# This output file may be truncated or incomplete.
#
#  Out of Memory Error (gcTaskThread.cpp:48), pid=27978, tid=0x00007f0969984700
#
# JRE version:  (8.0_111-b15) (build )
# Java VM: OpenJDK 64-Bit Server VM (25.111-b15 mixed mode linux-amd64 compressed oops)
# Failed to write core dump. Core dumps have been disabled. To enable core dumping, try "ulimit -c unlimited" before starting Java again
#

---------------  T H R E A D  ---------------

Current thread (0x00007f0960008000):  JavaThread "Unknown thread" [_thread_in_vm, id=27980, stack(0x00007f0969884000,0x00007f0969985000)]

Stack: [0x00007f0969884000,0x00007f0969985000],  sp=0x00007f0969983790,  free space=1021k
Native frames: (J=compiled Java code, j=interpreted, Vv=VM code, C=native code)
V  [libjvm.so+0xa12cdd]
V  [libjvm.so+0x4c705a]
V  [libjvm.so+0x593f0f]
V  [libjvm.so+0x5930d7]
V  [libjvm.so+0x897fc4]
V  [libjvm.so+0x9dd4e9]
V  [libjvm.so+0x9dd6f2]
V  [libjvm.so+0x5f2305]
V  [libjvm.so+0x9c0dfe]
V  [libjvm.so+0x66524f]  JNI_CreateJavaVM+0x5f
C  [libjli.so+0x3057]
C  [libpthread.so.0+0x7dc5]  start_thread+0xc5


---------------  P R O C E S S  ---------------

Java Threads: ( => current thread )

Other Threads:

=>0x00007f0960008000 (exited) JavaThread "Unknown thread" [_thread_in_vm, id=27980, stack(0x00007f0969884000,0x00007f0969985000)]

VM state:not at safepoint (not fully initialized)

VM Mutex/Monitor currently owned by a thread: None

GC Heap History (0 events):
No events

Deoptimization events (0 events):
No events

Internal exceptions (0 events):
No events

Events (0 events):
No events


Dynamic libraries:
00400000-00401000 r-xp 00000000 fd:00 806753905                          /usr/lib/jvm/java-1.8.0-openjdk-1.8.0.111-1.b15.el7_2.x86_64/jre/bin/java
00600000-00601000 r--p 00000000 fd:00 806753905                          /usr/lib/jvm/java-1.8.0-openjdk-1.8.0.111-1.b15.el7_2.x86_64/jre/bin/java
00601000-00602000 rw-p 00001000 fd:00 806753905                          /usr/lib/jvm/java-1.8.0-openjdk-1.8.0.111-1.b15.el7_2.x86_64/jre/bin/java
00fbb000-00fdc000 rw-p 00000000 00:00 0                                  [heap]
64a000000-659980000 rw-p 00000000 00:00 0 
659980000-743580000 ---p 00000000 00:00 0 
743580000-74b200000 rw-p 00000000 00:00 0 
74b200000-7c0000000 ---p 00000000 00:00 0 
7f0951000000-7f0951270000 rwxp 00000000 00:00 0 
7f0951270000-7f0960000000 ---p 00000000 00:00 0 
7f0960000000-7f0960049000 rw-p 00000000 00:00 0 
7f0960049000-7f0964000000 ---p 00000000 00:00 0 
7f09642e4000-7f09642e5000 ---p 00000000 00:00 0 
7f09642e5000-7f09643e5000 rw-p 00000000 00:00 0 
7f09643e5000-7f09643e6000 ---p 00000000 00:00 0 
7f09643e6000-7f09644e6000 rw-p 00000000 00:00 0                          [stack:27996]
7f09644e6000-7f09644e7000 ---p 00000000 00:00 0 
7f09644e7000-7f09645e7000 rw-p 00000000 00:00 0                          [stack:27995]
7f09645e7000-7f09645e8000 ---p 00000000 00:00 0 
7f09645e8000-7f09646e8000 rw-p 00000000 00:00 0                          [stack:27994]
7f09646e8000-7f09646e9000 ---p 00000000 00:00 0 
7f09646e9000-7f09647e9000 rw-p 00000000 00:00 0                          [stack:27991]
7f09647e9000-7f09647ea000 ---p 00000000 00:00 0 
7f09647ea000-7f09648ea000 rw-p 00000000 00:00 0                          [stack:27990]
7f09648ea000-7f09648eb000 ---p 00000000 00:00 0 
7f09648eb000-7f09649eb000 rw-p 00000000 00:00 0                          [stack:27989]
7f09649eb000-7f09649ec000 ---p 00000000 00:00 0 
7f09649ec000-7f0964aec000 rw-p 00000000 00:00 0                          [stack:27988]
7f0964aec000-7f0964aed000 ---p 00000000 00:00 0 
7f0964aed000-7f0964bed000 rw-p 00000000 00:00 0                          [stack:27987]
7f0964bed000-7f0964bee000 ---p 00000000 00:00 0 
7f0964bee000-7f0964cee000 rw-p 00000000 00:00 0                          [stack:27986]
7f0964cee000-7f0964cef000 ---p 00000000 00:00 0 
7f0964cef000-7f0964def000 rw-p 00000000 00:00 0                          [stack:27985]
7f0964def000-7f0964df0000 ---p 00000000 00:00 0 
7f0964df0000-7f0964ef0000 rw-p 00000000 00:00 0                          [stack:27984]
7f0964ef0000-7f0964ef1000 ---p 00000000 00:00 0 
7f0964ef1000-7f096506e000 rw-p 00000000 00:00 0                          [stack:27983]
7f096506e000-7f09657bc000 ---p 00000000 00:00 0 
7f09657bc000-7f0965839000 rw-p 00000000 00:00 0 
7f0965839000-7f0965f86000 ---p 00000000 00:00 0 
7f0965f86000-7f0965fc5000 rw-p 00000000 00:00 0 
7f0965fc5000-7f096636c000 ---p 00000000 00:00 0 
7f096636c000-7f0966377000 rw-p 00000000 00:00 0 
7f0966377000-7f096672d000 ---p 00000000 00:00 0 
7f096672d000-7f0966735000 r-xp 00000000 fd:00 946232                     /usr/lib/jvm/java-1.8.0-openjdk-1.8.0.111-1.b15.el7_2.x86_64/jre/lib/amd64/libzip.so
7f0966735000-7f0966934000 ---p 00008000 fd:00 946232                     /usr/lib/jvm/java-1.8.0-openjdk-1.8.0.111-1.b15.el7_2.x86_64/jre/lib/amd64/libzip.so
7f0966934000-7f0966935000 r--p 00007000 fd:00 946232                     /usr/lib/jvm/java-1.8.0-openjdk-1.8.0.111-1.b15.el7_2.x86_64/jre/lib/amd64/libzip.so
7f0966935000-7f0966936000 rw-p 00008000 fd:00 946232                     /usr/lib/jvm/java-1.8.0-openjdk-1.8.0.111-1.b15.el7_2.x86_64/jre/lib/amd64/libzip.so
7f0966936000-7f0966e2b000 r--s 00000000 fd:00 138179                     /var/db/nscd/passwd
7f0966e2b000-7f0966e58000 r-xp 00000000 fd:00 946215                     /usr/lib/jvm/java-1.8.0-openjdk-1.8.0.111-1.b15.el7_2.x86_64/jre/lib/amd64/libjava.so
7f0966e58000-7f0967058000 ---p 0002d000 fd:00 946215                     /usr/lib/jvm/java-1.8.0-openjdk-1.8.0.111-1.b15.el7_2.x86_64/jre/lib/amd64/libjava.so
7f0967058000-7f0967059000 r--p 0002d000 fd:00 946215                     /usr/lib/jvm/java-1.8.0-openjdk-1.8.0.111-1.b15.el7_2.x86_64/jre/lib/amd64/libjava.so
7f0967059000-7f096705b000 rw-p 0002e000 fd:00 946215                     /usr/lib/jvm/java-1.8.0-openjdk-1.8.0.111-1.b15.el7_2.x86_64/jre/lib/amd64/libjava.so
7f096705b000-7f0967068000 r-xp 00000000 fd:00 946231                     /usr/lib/jvm/java-1.8.0-openjdk-1.8.0.111-1.b15.el7_2.x86_64/jre/lib/amd64/libverify.so
7f0967068000-7f0967267000 ---p 0000d000 fd:00 946231                     /usr/lib/jvm/java-1.8.0-openjdk-1.8.0.111-1.b15.el7_2.x86_64/jre/lib/amd64/libverify.so
7f0967267000-7f0967269000 r--p 0000c000 fd:00 946231                     /usr/lib/jvm/java-1.8.0-openjdk-1.8.0.111-1.b15.el7_2.x86_64/jre/lib/amd64/libverify.so
7f0967269000-7f096726a000 rw-p 0000e000 fd:00 946231                     /usr/lib/jvm/java-1.8.0-openjdk-1.8.0.111-1.b15.el7_2.x86_64/jre/lib/amd64/libverify.so
7f096726a000-7f0967271000 r-xp 00000000 fd:00 805566961                  /usr/lib64/librt-2.17.so
7f0967271000-7f0967470000 ---p 00007000 fd:00 805566961                  /usr/lib64/librt-2.17.so
7f0967470000-7f0967471000 r--p 00006000 fd:00 805566961                  /usr/lib64/librt-2.17.so
7f0967471000-7f0967472000 rw-p 00007000 fd:00 805566961                  /usr/lib64/librt-2.17.so
7f0967472000-7f0967487000 r-xp 00000000 fd:00 809565452                  /usr/lib64/libgcc_s-4.8.5-20150702.so.1
7f0967487000-7f0967686000 ---p 00015000 fd:00 809565452                  /usr/lib64/libgcc_s-4.8.5-20150702.so.1
7f0967686000-7f0967687000 r--p 00014000 fd:00 809565452                  /usr/lib64/libgcc_s-4.8.5-20150702.so.1
7f0967687000-7f0967688000 rw-p 00015000 fd:00 809565452                  /usr/lib64/libgcc_s-4.8.5-20150702.so.1
7f0967688000-7f0967789000 r-xp 00000000 fd:00 805366671                  /usr/lib64/libm-2.17.so
7f0967789000-7f0967988000 ---p 00101000 fd:00 805366671                  /usr/lib64/libm-2.17.so
7f0967988000-7f0967989000 r--p 00100000 fd:00 805366671                  /usr/lib64/libm-2.17.so
7f0967989000-7f096798a000 rw-p 00101000 fd:00 805366671                  /usr/lib64/libm-2.17.so
7f096798a000-7f0967a73000 r-xp 00000000 fd:00 805310027                  /usr/lib64/libstdc++.so.6.0.19
7f0967a73000-7f0967c73000 ---p 000e9000 fd:00 805310027                  /usr/lib64/libstdc++.so.6.0.19
7f0967c73000-7f0967c7c000 r--p 000e9000 fd:00 805310027                  /usr/lib64/libstdc++.so.6.0.19
7f0967c7c000-7f0967c7e000 rw-p 000f2000 fd:00 805310027                  /usr/lib64/libstdc++.so.6.0.19
7f0967c7e000-7f0967c93000 rw-p 00000000 00:00 0 
7f0967c93000-7f09688a3000 r-xp 00000000 fd:00 806877222                  /usr/lib/jvm/java-1.8.0-openjdk-1.8.0.111-1.b15.el7_2.x86_64/jre/lib/amd64/server/libjvm.so
7f09688a3000-7f0968aa2000 ---p 00c10000 fd:00 806877222                  /usr/lib/jvm/java-1.8.0-openjdk-1.8.0.111-1.b15.el7_2.x86_64/jre/lib/amd64/server/libjvm.so
7f0968aa2000-7f0968b41000 r--p 00c0f000 fd:00 806877222                  /usr/lib/jvm/java-1.8.0-openjdk-1.8.0.111-1.b15.el7_2.x86_64/jre/lib/amd64/server/libjvm.so
7f0968b41000-7f0968b6a000 rw-p 00cae000 fd:00 806877222                  /usr/lib/jvm/java-1.8.0-openjdk-1.8.0.111-1.b15.el7_2.x86_64/jre/lib/amd64/server/libjvm.so
7f0968b6a000-7f0968b9c000 rw-p 00000000 00:00 0 
7f0968b9c000-7f0968d53000 r-xp 00000000 fd:00 805318810                  /usr/lib64/libc-2.17.so
7f0968d53000-7f0968f53000 ---p 001b7000 fd:00 805318810                  /usr/lib64/libc-2.17.so
7f0968f53000-7f0968f57000 r--p 001b7000 fd:00 805318810                  /usr/lib64/libc-2.17.so
7f0968f57000-7f0968f59000 rw-p 001bb000 fd:00 805318810                  /usr/lib64/libc-2.17.so
7f0968f59000-7f0968f5e000 rw-p 00000000 00:00 0 
7f0968f5e000-7f0968f61000 r-xp 00000000 fd:00 805309978                  /usr/lib64/libdl-2.17.so
7f0968f61000-7f0969160000 ---p 00003000 fd:00 805309978                  /usr/lib64/libdl-2.17.so
7f0969160000-7f0969161000 r--p 00002000 fd:00 805309978                  /usr/lib64/libdl-2.17.so
7f0969161000-7f0969162000 rw-p 00003000 fd:00 805309978                  /usr/lib64/libdl-2.17.so
7f0969162000-7f0969170000 r-xp 00000000 fd:00 538615525                  /usr/lib/jvm/java-1.8.0-openjdk-1.8.0.111-1.b15.el7_2.x86_64/jre/lib/amd64/jli/libjli.so
7f0969170000-7f096936f000 ---p 0000e000 fd:00 538615525                  /usr/lib/jvm/java-1.8.0-openjdk-1.8.0.111-1.b15.el7_2.x86_64/jre/lib/amd64/jli/libjli.so
7f096936f000-7f0969370000 r--p 0000d000 fd:00 538615525                  /usr/lib/jvm/java-1.8.0-openjdk-1.8.0.111-1.b15.el7_2.x86_64/jre/lib/amd64/jli/libjli.so
7f0969370000-7f0969371000 rw-p 0000e000 fd:00 538615525                  /usr/lib/jvm/java-1.8.0-openjdk-1.8.0.111-1.b15.el7_2.x86_64/jre/lib/amd64/jli/libjli.so
7f0969371000-7f0969386000 r-xp 00000000 fd:00 805310091                  /usr/lib64/libz.so.1.2.7
7f0969386000-7f0969585000 ---p 00015000 fd:00 805310091                  /usr/lib64/libz.so.1.2.7
7f0969585000-7f0969586000 r--p 00014000 fd:00 805310091                  /usr/lib64/libz.so.1.2.7
7f0969586000-7f0969587000 rw-p 00015000 fd:00 805310091                  /usr/lib64/libz.so.1.2.7
7f0969587000-7f096959d000 r-xp 00000000 fd:00 805566957                  /usr/lib64/libpthread-2.17.so
7f096959d000-7f096979d000 ---p 00016000 fd:00 805566957                  /usr/lib64/libpthread-2.17.so
7f096979d000-7f096979e000 r--p 00016000 fd:00 805566957                  /usr/lib64/libpthread-2.17.so
7f096979e000-7f096979f000 rw-p 00017000 fd:00 805566957                  /usr/lib64/libpthread-2.17.so
7f096979f000-7f09697a3000 rw-p 00000000 00:00 0 
7f09697a3000-7f09697c4000 r-xp 00000000 fd:00 805309964                  /usr/lib64/ld-2.17.so
7f0969884000-7f0969887000 ---p 00000000 00:00 0 
7f0969887000-7f096998a000 rw-p 00000000 00:00 0                          [stack:27980]
7f09699b6000-7f09699b9000 rw-p 00000000 00:00 0 
7f09699b9000-7f09699c1000 rw-s 00000000 fd:00 271316079                  /tmp/hsperfdata_ximind/27978
7f09699c1000-7f09699c2000 rw-p 00000000 00:00 0 
7f09699c2000-7f09699c3000 r--p 00000000 00:00 0 
7f09699c3000-7f09699c4000 rw-p 00000000 00:00 0 
7f09699c4000-7f09699c5000 r--p 00021000 fd:00 805309964                  /usr/lib64/ld-2.17.so
7f09699c5000-7f09699c6000 rw-p 00022000 fd:00 805309964                  /usr/lib64/ld-2.17.so
7f09699c6000-7f09699c7000 rw-p 00000000 00:00 0 
7ffdb0831000-7ffdb0852000 rw-p 00000000 00:00 0                          [stack]
7ffdb0990000-7ffdb0992000 r-xp 00000000 00:00 0                          [vdso]
ffffffffff600000-ffffffffff601000 r-xp 00000000 00:00 0                  [vsyscall]

VM Arguments:
jvm_args: -Djava.rmi.server.hostname=127.0.0.1 
java_command: Server 127.0.0.1 15440 50
java_class_path (initial): /afs/andrew.cmu.edu/usr7/ximind/private/15440/15440-p3/sample:/afs/andrew.cmu.edu/usr7/ximind/private/15440/15440-p3/sample/../lib
Launcher Type: SUN_STANDARD

Environment Variables:
CLASSPATH=/afs/andrew.cmu.edu/usr7/ximind/private/15440/15440-p3/sample:/afs/andrew.cmu.edu/usr7/ximind/private/15440/15440-p3/sample/../lib
PATH=/afs/cs.cmu.edu/academic/class/15210-f16/bin:/afs/cs/academic/class/15210-f16/mlton-spoonhower/build/bin/:/afs/andrew/course/15/150/bin:/usr/lib64/qt-3.3/bin:/afs/andrew.cmu.edu/usr7/ximind/perl5/bin:/usr/lib64/ccache:/usr/local/bin:/usr/bin:/usr/local/sbin:/usr/sbin:/afs/andrew/course/15/122/bin
SHELL=/bin/bash

Signal Handlers:
SIGSEGV: [libjvm.so+0xa137f0], sa_mask[0]=11111111011111111101111111111110, sa_flags=SA_RESTART|SA_SIGINFO
SIGBUS: [libjvm.so+0xa137f0], sa_mask[0]=11111111011111111101111111111110, sa_flags=SA_RESTART|SA_SIGINFO
SIGFPE: [libjvm.so+0x86f510], sa_mask[0]=11111111011111111101111111111110, sa_flags=SA_RESTART|SA_SIGINFO
SIGPIPE: [libjvm.so+0x86f510], sa_mask[0]=11111111011111111101111111111110, sa_flags=SA_RESTART|SA_SIGINFO
SIGXFSZ: [libjvm.so+0x86f510], sa_mask[0]=11111111011111111101111111111110, sa_flags=SA_RESTART|SA_SIGINFO
SIGILL: [libjvm.so+0x86f510], sa_mask[0]=11111111011111111101111111111110, sa_flags=SA_RESTART|SA_SIGINFO
SIGUSR1: SIG_DFL, sa_mask[0]=00000000000000000000000000000000, sa_flags=none
SIGUSR2: [libjvm.so+0x86f3c0], sa_mask[0]=00100000000000000000000000000000, sa_flags=SA_RESTART|SA_SIGINFO
SIGHUP: SIG_DFL, sa_mask[0]=00000000000000000000000000000000, sa_flags=none
SIGINT: SIG_DFL, sa_mask[0]=00000000000000000000000000000000, sa_flags=none
SIGTERM: SIG_DFL, sa_mask[0]=00000000000000000000000000000000, sa_flags=none
SIGQUIT: SIG_DFL, sa_mask[0]=00000000000000000000000000000000, sa_flags=none


---------------  S Y S T E M  ---------------

OS:Red Hat Enterprise Linux Workstation release 7.2 (Maipo)

uname:Linux 3.10.0-327.36.3.el7.x86_64 #1 SMP Thu Oct 20 04:56:07 EDT 2016 x86_64
libc:glibc 2.17 NPTL 2.17 
rlimit: STACK 8192k, CORE 0k, NPROC 4096, NOFILE 4096, AS infinity
load average:4.54 5.03 4.18

/proc/meminfo:
MemTotal:       24508520 kB
MemFree:         9941976 kB
MemAvailable:   12575644 kB
Buffers:            3632 kB
Cached:          2645436 kB
SwapCached:            0 kB
Active:         12150028 kB
Inactive:        1200600 kB
Active(anon):   10714940 kB
Inactive(anon):    28528 kB
Active(file):    1435088 kB
Inactive(file):  1172072 kB
Unevictable:           0 kB
Mlocked:               0 kB
SwapTotal:       1023996 kB
SwapFree:        1023996 kB
Dirty:              1704 kB
Writeback:             0 kB
AnonPages:      10090236 kB
Mapped:           103192 kB
Shmem:             41908 kB
Slab:             556288 kB
SReclaimable:     364368 kB
SUnreclaim:       191920 kB
KernelStack:      114512 kB
PageTables:       181396 kB
NFS_Unstable:          0 kB
Bounce:                0 kB
WritebackTmp:          0 kB
CommitLimit:    13278256 kB
Committed_AS:   57554960 kB
VmallocTotal:   34359738367 kB
VmallocUsed:      336572 kB
VmallocChunk:   34346491368 kB
HardwareCorrupted:     0 kB
AnonHugePages:   7958528 kB
HugePages_Total:       0
HugePages_Free:        0
HugePages_Rsvd:        0
HugePages_Surp:        0
Hugepagesize:       2048 kB
DirectMap4k:      155108 kB
DirectMap2M:     4026368 kB
DirectMap1G:    20971520 kB


CPU:total 24 (6 cores per cpu, 2 threads per core) family 6 model 44 stepping 2, cmov, cx8, fxsr, mmx, sse, sse2, sse3, ssse3, sse4.1, sse4.2, popcnt, aes, clmul, ht, tsc, tscinvbit, tscinv

/proc/cpuinfo:
processor	: 0
vendor_id	: GenuineIntel
cpu family	: 6
model		: 44
model name	: Intel(R) Xeon(R) CPU           E5645  @ 2.40GHz
stepping	: 2
microcode	: 0x13
cpu MHz		: 2393.819
cache size	: 12288 KB
physical id	: 1
siblings	: 12
core id		: 0
cpu cores	: 6
apicid		: 32
initial apicid	: 32
fpu		: yes
fpu_exception	: yes
cpuid level	: 11
wp		: yes
flags		: fpu vme de pse tsc msr pae mce cx8 apic sep mtrr pge mca cmov pat pse36 clflush dts acpi mmx fxsr sse sse2 ss ht tm pbe syscall nx pdpe1gb rdtscp lm constant_tsc arch_perfmon pebs bts rep_good nopl xtopology nonstop_tsc aperfmperf pni pclmulqdq dtes64 monitor ds_cpl vmx smx est tm2 ssse3 cx16 xtpr pdcm pcid dca sse4_1 sse4_2 popcnt aes lahf_lm ida arat dtherm tpr_shadow vnmi flexpriority ept vpid
bogomips	: 4787.63
clflush size	: 64
cache_alignment	: 64
address sizes	: 40 bits physical, 48 bits virtual
power management:

processor	: 1
vendor_id	: GenuineIntel
cpu family	: 6
model		: 44
model name	: Intel(R) Xeon(R) CPU           E5645  @ 2.40GHz
stepping	: 2
microcode	: 0x13
cpu MHz		: 2393.819
cache size	: 12288 KB
physical id	: 0
siblings	: 12
core id		: 0
cpu cores	: 6
apicid		: 0
initial apicid	: 0
fpu		: yes
fpu_exception	: yes
cpuid level	: 11
wp		: yes
flags		: fpu vme de pse tsc msr pae mce cx8 apic sep mtrr pge mca cmov pat pse36 clflush dts acpi mmx fxsr sse sse2 ss ht tm pbe syscall nx pdpe1gb rdtscp lm constant_tsc arch_perfmon pebs bts rep_good nopl xtopology nonstop_tsc aperfmperf pni pclmulqdq dtes64 monitor ds_cpl vmx smx est tm2 ssse3 cx16 xtpr pdcm pcid dca sse4_1 sse4_2 popcnt aes lahf_lm ida arat dtherm tpr_shadow vnmi flexpriority ept vpid
bogomips	: 4787.83
clflush size	: 64
cache_alignment	: 64
address sizes	: 40 bits physical, 48 bits virtual
power management:

processor	: 2
vendor_id	: GenuineIntel
cpu family	: 6
model		: 44
model name	: Intel(R) Xeon(R) CPU           E5645  @ 2.40GHz
stepping	: 2
microcode	: 0x13
cpu MHz		: 2393.819
cache size	: 12288 KB
physical id	: 1
siblings	: 12
core id		: 1
cpu cores	: 6
apicid		: 34
initial apicid	: 34
fpu		: yes
fpu_exception	: yes
cpuid level	: 11
wp		: yes
flags		: fpu vme de pse tsc msr pae mce cx8 apic sep mtrr pge mca cmov pat pse36 clflush dts acpi mmx fxsr sse sse2 ss ht tm pbe syscall nx pdpe1gb rdtscp lm constant_tsc arch_perfmon pebs bts rep_good nopl xtopology nonstop_tsc aperfmperf pni pclmulqdq dtes64 monitor ds_cpl vmx smx est tm2 ssse3 cx16 xtpr pdcm pcid dca sse4_1 sse4_2 popcnt aes lahf_lm ida arat dtherm tpr_shadow vnmi flexpriority ept vpid
bogomips	: 4787.63
clflush size	: 64
cache_alignment	: 64
address sizes	: 40 bits physical, 48 bits virtual
power management:

processor	: 3
vendor_id	: GenuineIntel
cpu family	: 6
model		: 44
model name	: Intel(R) Xeon(R) CPU           E5645  @ 2.40GHz
stepping	: 2
microcode	: 0x13
cpu MHz		: 2393.819
cache size	: 12288 KB
physical id	: 0
siblings	: 12
core id		: 1
cpu cores	: 6
apicid		: 2
initial apicid	: 2
fpu		: yes
fpu_exception	: yes
cpuid level	: 11
wp		: yes
flags		: fpu vme de pse tsc msr pae mce cx8 apic sep mtrr pge mca cmov pat pse36 clflush dts acpi mmx fxsr sse sse2 ss ht tm pbe syscall nx pdpe1gb rdtscp lm constant_tsc arch_perfmon pebs bts rep_good nopl xtopology nonstop_tsc aperfmperf pni pclmulqdq dtes64 monitor ds_cpl vmx smx est tm2 ssse3 cx16 xtpr pdcm pcid dca sse4_1 sse4_2 popcnt aes lahf_lm ida arat dtherm tpr_shadow vnmi flexpriority ept vpid
bogomips	: 4787.83
clflush size	: 64
cache_alignment	: 64
address sizes	: 40 bits physical, 48 bits virtual
power management:

processor	: 4
vendor_id	: GenuineIntel
cpu family	: 6
model		: 44
model name	: Intel(R) Xeon(R) CPU           E5645  @ 2.40GHz
stepping	: 2
microcode	: 0x13
cpu MHz		: 2393.819
cache size	: 12288 KB
physical id	: 1
siblings	: 12
core id		: 2
cpu cores	: 6
apicid		: 36
initial apicid	: 36
fpu		: yes
fpu_exception	: yes
cpuid level	: 11
wp		: yes
flags		: fpu vme de pse tsc msr pae mce cx8 apic sep mtrr pge mca cmov pat pse36 clflush dts acpi mmx fxsr sse sse2 ss ht tm pbe syscall nx pdpe1gb rdtscp lm constant_tsc arch_perfmon pebs bts rep_good nopl xtopology nonstop_tsc aperfmperf pni pclmulqdq dtes64 monitor ds_cpl vmx smx est tm2 ssse3 cx16 xtpr pdcm pcid dca sse4_1 sse4_2 popcnt aes lahf_lm ida arat dtherm tpr_shadow vnmi flexpriority ept vpid
bogomips	: 4787.63
clflush size	: 64
cache_alignment	: 64
address sizes	: 40 bits physical, 48 bits virtual
power management:

processor	: 5
vendor_id	: GenuineIntel
cpu family	: 6
model		: 44
model name	: Intel(R) Xeon(R) CPU           E5645  @ 2.40GHz
stepping	: 2
microcode	: 0x13
cpu MHz		: 2393.819
cache size	: 12288 KB
physical id	: 0
siblings	: 12
core id		: 2
cpu cores	: 6
apicid		: 4
initial apicid	: 4
fpu		: yes
fpu_exception	: yes
cpuid level	: 11
wp		: yes
flags		: fpu vme de pse tsc msr pae mce cx8 apic sep mtrr pge mca cmov pat pse36 clflush dts acpi mmx fxsr sse sse2 ss ht tm pbe syscall nx pdpe1gb rdtscp lm constant_tsc arch_perfmon pebs bts rep_good nopl xtopology nonstop_tsc aperfmperf pni pclmulqdq dtes64 monitor ds_cpl vmx smx est tm2 ssse3 cx16 xtpr pdcm pcid dca sse4_1 sse4_2 popcnt aes lahf_lm ida arat dtherm tpr_shadow vnmi flexpriority ept vpid
bogomips	: 4787.83
clflush size	: 64
cache_alignment	: 64
address sizes	: 40 bits physical, 48 bits virtual
power management:

processor	: 6
vendor_id	: GenuineIntel
cpu family	: 6
model		: 44
model name	: Intel(R) Xeon(R) CPU           E5645  @ 2.40GHz
stepping	: 2
microcode	: 0x13
cpu MHz		: 2393.819
cache size	: 12288 KB
physical id	: 1
siblings	: 12
core id		: 8
cpu cores	: 6
apicid		: 48
initial apicid	: 48
fpu		: yes
fpu_exception	: yes
cpuid level	: 11
wp		: yes
flags		: fpu vme de pse tsc msr pae mce cx8 apic sep mtrr pge mca cmov pat pse36 clflush dts acpi mmx fxsr sse sse2 ss ht tm pbe syscall nx pdpe1gb rdtscp lm constant_tsc arch_perfmon pebs bts rep_good nopl xtopology nonstop_tsc aperfmperf pni pclmulqdq dtes64 monitor ds_cpl vmx smx est tm2 ssse3 cx16 xtpr pdcm pcid dca sse4_1 sse4_2 popcnt aes lahf_lm ida arat dtherm tpr_shadow vnmi flexpriority ept vpid
bogomips	: 4787.63
clflush size	: 64
cache_alignment	: 64
address sizes	: 40 bits physical, 48 bits virtual
power management:

processor	: 7
vendor_id	: GenuineIntel
cpu family	: 6
model		: 44
model name	: Intel(R) Xeon(R) CPU           E5645  @ 2.40GHz
stepping	: 2
microcode	: 0x13
cpu MHz		: 2393.819
cache size	: 12288 KB
physical id	: 0
siblings	: 12
core id		: 8
cpu cores	: 6
apicid		: 16
initial apicid	: 16
fpu		: yes
fpu_exception	: yes
cpuid level	: 11
wp		: yes
flags		: fpu vme de pse tsc msr pae mce cx8 apic sep mtrr pge mca cmov pat pse36 clflush dts acpi mmx fxsr sse sse2 ss ht tm pbe syscall nx pdpe1gb rdtscp lm constant_tsc arch_perfmon pebs bts rep_good nopl xtopology nonstop_tsc aperfmperf pni pclmulqdq dtes64 monitor ds_cpl vmx smx est tm2 ssse3 cx16 xtpr pdcm pcid dca sse4_1 sse4_2 popcnt aes lahf_lm ida arat dtherm tpr_shadow vnmi flexpriority ept vpid
bogomips	: 4787.83
clflush size	: 64
cache_alignment	: 64
address sizes	: 40 bits physical, 48 bits virtual
power management:

processor	: 8
vendor_id	: GenuineIntel
cpu family	: 6
model		: 44
model name	: Intel(R) Xeon(R) CPU           E5645  @ 2.40GHz
stepping	: 2
microcode	: 0x13
cpu MHz		: 2393.819
cache size	: 12288 KB
physical id	: 1
siblings	: 12
core id		: 9
cpu cores	: 6
apicid		: 50
initial apicid	: 50
fpu		: yes
fpu_exception	: yes
cpuid level	: 11
wp		: yes
flags		: fpu vme de pse tsc msr pae mce cx8 apic sep mtrr pge mca cmov pat pse36 clflush dts acpi mmx fxsr sse sse2 ss ht tm pbe syscall nx pdpe1gb rdtscp lm constant_tsc arch_perfmon pebs bts rep_good nopl xtopology nonstop_tsc aperfmperf pni pclmulqdq dtes64 monitor ds_cpl vmx smx est tm2 ssse3 cx16 xtpr pdcm pcid dca sse4_1 sse4_2 popcnt aes lahf_lm ida arat dtherm tpr_shadow vnmi flexpriority ept vpid
bogomips	: 4787.63
clflush size	: 64
cache_alignment	: 64
address sizes	: 40 bits physical, 48 bits virtual
power management:

processor	: 9
vendor_id	: GenuineIntel
cpu family	: 6
model		: 44
model name	: Intel(R) Xeon(R) CPU           E5645  @ 2.40GHz
stepping	: 2
microcode	: 0x13
cpu MHz		: 2393.819
cache size	: 12288 KB
physical id	: 0
siblings	: 12
core id		: 9
cpu cores	: 6
apicid		: 18
initial apicid	: 18
fpu		: yes
fpu_exception	: yes
cpuid level	: 11
wp		: yes
flags		: fpu vme de pse tsc msr pae mce cx8 apic sep mtrr pge mca cmov pat pse36 clflush dts acpi mmx fxsr sse sse2 ss ht tm pbe syscall nx pdpe1gb rdtscp lm constant_tsc arch_perfmon pebs bts rep_good nopl xtopology nonstop_tsc aperfmperf pni pclmulqdq dtes64 monitor ds_cpl vmx smx est tm2 ssse3 cx16 xtpr pdcm pcid dca sse4_1 sse4_2 popcnt aes lahf_lm ida arat dtherm tpr_shadow vnmi flexpriority ept vpid
bogomips	: 4787.83
clflush size	: 64
cache_alignment	: 64
address sizes	: 40 bits physical, 48 bits virtual
power management:

processor	: 10
vendor_id	: GenuineIntel
cpu family	: 6
model		: 44
model name	: Intel(R) Xeon(R) CPU           E5645  @ 2.40GHz
stepping	: 2
microcode	: 0x13
cpu MHz		: 2393.819
cache size	: 12288 KB
physical id	: 1
siblings	: 12
core id		: 10
cpu cores	: 6
apicid		: 52
initial apicid	: 52
fpu		: yes
fpu_exception	: yes
cpuid level	: 11
wp		: yes
flags		: fpu vme de pse tsc msr pae mce cx8 apic sep mtrr pge mca cmov pat pse36 clflush dts acpi mmx fxsr sse sse2 ss ht tm pbe syscall nx pdpe1gb rdtscp lm constant_tsc arch_perfmon pebs bts rep_good nopl xtopology nonstop_tsc aperfmperf pni pclmulqdq dtes64 monitor ds_cpl vmx smx est tm2 ssse3 cx16 xtpr pdcm pcid dca sse4_1 sse4_2 popcnt aes lahf_lm ida arat dtherm tpr_shadow vnmi flexpriority ept vpid
bogomips	: 4787.63
clflush size	: 64
cache_alignment	: 64
address sizes	: 40 bits physical, 48 bits virtual
power management:

processor	: 11
vendor_id	: GenuineIntel
cpu family	: 6
model		: 44
model name	: Intel(R) Xeon(R) CPU           E5645  @ 2.40GHz
stepping	: 2
microcode	: 0x13
cpu MHz		: 2393.819
cache size	: 12288 KB
physical id	: 0
siblings	: 12
core id		: 10
cpu cores	: 6
apicid		: 20
initial apicid	: 20
fpu		: yes
fpu_exception	: yes
cpuid level	: 11
wp		: yes
flags		: fpu vme de pse tsc msr pae mce cx8 apic sep mtrr pge mca cmov pat pse36 clflush dts acpi mmx fxsr sse sse2 ss ht tm pbe syscall nx pdpe1gb rdtscp lm constant_tsc arch_perfmon pebs bts rep_good nopl xtopology nonstop_tsc aperfmperf pni pclmulqdq dtes64 monitor ds_cpl vmx smx est tm2 ssse3 cx16 xtpr pdcm pcid dca sse4_1 sse4_2 popcnt aes lahf_lm ida arat dtherm tpr_shadow vnmi flexpriority ept vpid
bogomips	: 4787.83
clflush size	: 64
cache_alignment	: 64
address sizes	: 40 bits physical, 48 bits virtual
power management:

processor	: 12
vendor_id	: GenuineIntel
cpu family	: 6
model		: 44
model name	: Intel(R) Xeon(R) CPU           E5645  @ 2.40GHz
stepping	: 2
microcode	: 0x13
cpu MHz		: 2393.819
cache size	: 12288 KB
physical id	: 1
siblings	: 12
core id		: 0
cpu cores	: 6
apicid		: 33
initial apicid	: 33
fpu		: yes
fpu_exception	: yes
cpuid level	: 11
wp		: yes
flags		: fpu vme de pse tsc msr pae mce cx8 apic sep mtrr pge mca cmov pat pse36 clflush dts acpi mmx fxsr sse sse2 ss ht tm pbe syscall nx pdpe1gb rdtscp lm constant_tsc arch_perfmon pebs bts rep_good nopl xtopology nonstop_tsc aperfmperf pni pclmulqdq dtes64 monitor ds_cpl vmx smx est tm2 ssse3 cx16 xtpr pdcm pcid dca sse4_1 sse4_2 popcnt aes lahf_lm ida arat dtherm tpr_shadow vnmi flexpriority ept vpid
bogomips	: 4787.63
clflush size	: 64
cache_alignment	: 64
address sizes	: 40 bits physical, 48 bits virtual
power management:

processor	: 13
vendor_id	: GenuineIntel
cpu family	: 6
model		: 44
model name	: Intel(R) Xeon(R) CPU           E5645  @ 2.40GHz
stepping	: 2
microcode	: 0x13
cpu MHz		: 2393.819
cache size	: 12288 KB
physical id	: 0
siblings	: 12
core id		: 0
cpu cores	: 6
apicid		: 1
initial apicid	: 1
fpu		: yes
fpu_exception	: yes
cpuid level	: 11
wp		: yes
flags		: fpu vme de pse tsc msr pae mce cx8 apic sep mtrr pge mca cmov pat pse36 clflush dts acpi mmx fxsr sse sse2 ss ht tm pbe syscall nx pdpe1gb rdtscp lm constant_tsc arch_perfmon pebs bts rep_good nopl xtopology nonstop_tsc aperfmperf pni pclmulqdq dtes64 monitor ds_cpl vmx smx est tm2 ssse3 cx16 xtpr pdcm pcid dca sse4_1 sse4_2 popcnt aes lahf_lm ida arat dtherm tpr_shadow vnmi flexpriority ept vpid
bogomips	: 4787.83
clflush size	: 64
cache_alignment	: 64
address sizes	: 40 bits physical, 48 bits virtual
power management:

processor	: 14
vendor_id	: GenuineIntel
cpu family	: 6
model		: 44
model name	: Intel(R) Xeon(R) CPU           E5645  @ 2.40GHz
stepping	: 2
microcode	: 0x13
cpu MHz		: 2393.819
cache size	: 12288 KB
physical id	: 1
siblings	: 12
core id		: 1
cpu cores	: 6
apicid		: 35
initial apicid	: 35
fpu		: yes
fpu_exception	: yes
cpuid level	: 11
wp		: yes
flags		: fpu vme de pse tsc msr pae mce cx8 apic sep mtrr pge mca cmov pat pse36 clflush dts acpi mmx fxsr sse sse2 ss ht tm pbe syscall nx pdpe1gb rdtscp lm constant_tsc arch_perfmon pebs bts rep_good nopl xtopology nonstop_tsc aperfmperf pni pclmulqdq dtes64 monitor ds_cpl vmx smx est tm2 ssse3 cx16 xtpr pdcm pcid dca sse4_1 sse4_2 popcnt aes lahf_lm ida arat dtherm tpr_shadow vnmi flexpriority ept vpid
bogomips	: 4787.63
clflush size	: 64
cache_alignment	: 64
address sizes	: 40 bits physical, 48 bits virtual
power management:

processor	: 15
vendor_id	: GenuineIntel
cpu family	: 6
model		: 44
model name	: Intel(R) Xeon(R) CPU           E5645  @ 2.40GHz
stepping	: 2
microcode	: 0x13
cpu MHz		: 2393.819
cache size	: 12288 KB
physical id	: 0
siblings	: 12
core id		: 1
cpu cores	: 6
apicid		: 3
initial apicid	: 3
fpu		: yes
fpu_exception	: yes
cpuid level	: 11
wp		: yes
flags		: fpu vme de pse tsc msr pae mce cx8 apic sep mtrr pge mca cmov pat pse36 clflush dts acpi mmx fxsr sse sse2 ss ht tm pbe syscall nx pdpe1gb rdtscp lm constant_tsc arch_perfmon pebs bts rep_good nopl xtopology nonstop_tsc aperfmperf pni pclmulqdq dtes64 monitor ds_cpl vmx smx est tm2 ssse3 cx16 xtpr pdcm pcid dca sse4_1 sse4_2 popcnt aes lahf_lm ida arat dtherm tpr_shadow vnmi flexpriority ept vpid
bogomips	: 4787.83
clflush size	: 64
cache_alignment	: 64
address sizes	: 40 bits physical, 48 bits virtual
power management:

processor	: 16
vendor_id	: GenuineIntel
cpu family	: 6
model		: 44
model name	: Intel(R) Xeon(R) CPU           E5645  @ 2.40GHz
stepping	: 2
microcode	: 0x13
cpu MHz		: 2393.819
cache size	: 12288 KB
physical id	: 1
siblings	: 12
core id		: 2
cpu cores	: 6
apicid		: 37
initial apicid	: 37
fpu		: yes
fpu_exception	: yes
cpuid level	: 11
wp		: yes
flags		: fpu vme de pse tsc msr pae mce cx8 apic sep mtrr pge mca cmov pat pse36 clflush dts acpi mmx fxsr sse sse2 ss ht tm pbe syscall nx pdpe1gb rdtscp lm constant_tsc arch_perfmon pebs bts rep_good nopl xtopology nonstop_tsc aperfmperf pni pclmulqdq dtes64 monitor ds_cpl vmx smx est tm2 ssse3 cx16 xtpr pdcm pcid dca sse4_1 sse4_2 popcnt aes lahf_lm ida arat dtherm tpr_shadow vnmi flexpriority ept vpid
bogomips	: 4787.63
clflush size	: 64
cache_alignment	: 64
address sizes	: 40 bits physical, 48 bits virtual
power management:

processor	: 17
vendor_id	: GenuineIntel
cpu family	: 6
model		: 44
model name	: Intel(R) Xeon(R) CPU           E5645  @ 2.40GHz
stepping	: 2
microcode	: 0x13
cpu MHz		: 2393.819
cache size	: 12288 KB
physical id	: 0
siblings	: 12
core id		: 2
cpu cores	: 6
apicid		: 5
initial apicid	: 5
fpu		: yes
fpu_exception	: yes
cpuid level	: 11
wp		: yes
flags		: fpu vme de pse tsc msr pae mce cx8 apic sep mtrr pge mca cmov pat pse36 clflush dts acpi mmx fxsr sse sse2 ss ht tm pbe syscall nx pdpe1gb rdtscp lm constant_tsc arch_perfmon pebs bts rep_good nopl xtopology nonstop_tsc aperfmperf pni pclmulqdq dtes64 monitor ds_cpl vmx smx est tm2 ssse3 cx16 xtpr pdcm pcid dca sse4_1 sse4_2 popcnt aes lahf_lm ida arat dtherm tpr_shadow vnmi flexpriority ept vpid
bogomips	: 4787.83
clflush size	: 64
cache_alignment	: 64
address sizes	: 40 bits physical, 48 bits virtual
power management:

processor	: 18
vendor_id	: GenuineIntel
cpu family	: 6
model		: 44
model name	: Intel(R) Xeon(R) CPU           E5645  @ 2.40GHz
stepping	: 2
microcode	: 0x13
cpu MHz		: 2393.819
cache size	: 12288 KB
physical id	: 1
siblings	: 12
core id		: 8
cpu cores	: 6
apicid		: 49
initial apicid	: 49
fpu		: yes
fpu_exception	: yes
cpuid level	: 11
wp		: yes
flags		: fpu vme de pse tsc msr pae mce cx8 apic sep mtrr pge mca cmov pat pse36 clflush dts acpi mmx fxsr sse sse2 ss ht tm pbe syscall nx pdpe1gb rdtscp lm constant_tsc arch_perfmon pebs bts rep_good nopl xtopology nonstop_tsc aperfmperf pni pclmulqdq dtes64 monitor ds_cpl vmx smx est tm2 ssse3 cx16 xtpr pdcm pcid dca sse4_1 sse4_2 popcnt aes lahf_lm ida arat dtherm tpr_shadow vnmi flexpriority ept vpid
bogomips	: 4787.63
clflush size	: 64
cache_alignment	: 64
address sizes	: 40 bits physical, 48 bits virtual
power management:

processor	: 19
vendor_id	: GenuineIntel
cpu family	: 6
model		: 44
model name	: Intel(R) Xeon(R) CPU           E5645  @ 2.40GHz
stepping	: 2
microcode	: 0x13
cpu MHz		: 2393.819
cache size	: 12288 KB
physical id	: 0
siblings	: 12
core id		: 8
cpu cores	: 6
apicid		: 17
initial apicid	: 17
fpu		: yes
fpu_exception	: yes
cpuid level	: 11
wp		: yes
flags		: fpu vme de pse tsc msr pae mce cx8 apic sep mtrr pge mca cmov pat pse36 clflush dts acpi mmx fxsr sse sse2 ss ht tm pbe syscall nx pdpe1gb rdtscp lm constant_tsc arch_perfmon pebs bts rep_good nopl xtopology nonstop_tsc aperfmperf pni pclmulqdq dtes64 monitor ds_cpl vmx smx est tm2 ssse3 cx16 xtpr pdcm pcid dca sse4_1 sse4_2 popcnt aes lahf_lm ida arat dtherm tpr_shadow vnmi flexpriority ept vpid
bogomips	: 4787.83
clflush size	: 64
cache_alignment	: 64
address sizes	: 40 bits physical, 48 bits virtual
power management:

processor	: 20
vendor_id	: GenuineIntel
cpu family	: 6
model		: 44
model name	: Intel(R) Xeon(R) CPU           E5645  @ 2.40GHz
stepping	: 2
microcode	: 0x13
cpu MHz		: 2393.819
cache size	: 12288 KB
physical id	: 1
siblings	: 12
core id		: 9
cpu cores	: 6
apicid		: 51
initial apicid	: 51
fpu		: yes
fpu_exception	: yes
cpuid level	: 11
wp		: yes
flags		: fpu vme de pse tsc msr pae mce cx8 apic sep mtrr pge mca cmov pat pse36 clflush dts acpi mmx fxsr sse sse2 ss ht tm pbe syscall nx pdpe1gb rdtscp lm constant_tsc arch_perfmon pebs bts rep_good nopl xtopology nonstop_tsc aperfmperf pni pclmulqdq dtes64 monitor ds_cpl vmx smx est tm2 ssse3 cx16 xtpr pdcm pcid dca sse4_1 sse4_2 popcnt aes lahf_lm ida arat dtherm tpr_shadow vnmi flexpriority ept vpid
bogomips	: 4787.63
clflush size	: 64
cache_alignment	: 64
address sizes	: 40 bits physical, 48 bits virtual
power management:

processor	: 21
vendor_id	: GenuineIntel
cpu family	: 6
model		: 44
model name	: Intel(R) Xeon(R) CPU           E5645  @ 2.40GHz
stepping	: 2
microcode	: 0x13
cpu MHz		: 2393.819
cache size	: 12288 KB
physical id	: 0
siblings	: 12
core id		: 9
cpu cores	: 6
apicid		: 19
initial apicid	: 19
fpu		: yes
fpu_exception	: yes
cpuid level	: 11
wp		: yes
flags		: fpu vme de pse tsc msr pae mce cx8 apic sep mtrr pge mca cmov pat pse36 clflush dts acpi mmx fxsr sse sse2 ss ht tm pbe syscall nx pdpe1gb rdtscp lm constant_tsc arch_perfmon pebs bts rep_good nopl xtopology nonstop_tsc aperfmperf pni pclmulqdq dtes64 monitor ds_cpl vmx smx est tm2 ssse3 cx16 xtpr pdcm pcid dca sse4_1 sse4_2 popcnt aes lahf_lm ida arat dtherm tpr_shadow vnmi flexpriority ept vpid
bogomips	: 4787.83
clflush size	: 64
cache_alignment	: 64
address sizes	: 40 bits physical, 48 bits virtual
power management:

processor	: 22
vendor_id	: GenuineIntel
cpu family	: 6
model		: 44
model name	: Intel(R) Xeon(R) CPU           E5645  @ 2.40GHz
stepping	: 2
microcode	: 0x13
cpu MHz		: 2393.819
cache size	: 12288 KB
physical id	: 1
siblings	: 12
core id		: 10
cpu cores	: 6
apicid		: 53
initial apicid	: 53
fpu		: yes
fpu_exception	: yes
cpuid level	: 11
wp		: yes
flags		: fpu vme de pse tsc msr pae mce cx8 apic sep mtrr pge mca cmov pat pse36 clflush dts acpi mmx fxsr sse sse2 ss ht tm pbe syscall nx pdpe1gb rdtscp lm constant_tsc arch_perfmon pebs bts rep_good nopl xtopology nonstop_tsc aperfmperf pni pclmulqdq dtes64 monitor ds_cpl vmx smx est tm2 ssse3 cx16 xtpr pdcm pcid dca sse4_1 sse4_2 popcnt aes lahf_lm ida arat dtherm tpr_shadow vnmi flexpriority ept vpid
bogomips	: 4787.63
clflush size	: 64
cache_alignment	: 64
address sizes	: 40 bits physical, 48 bits virtual
power management:

processor	: 23
vendor_id	: GenuineIntel
cpu family	: 6
model		: 44
model name	: Intel(R) Xeon(R) CPU           E5645  @ 2.40GHz
stepping	: 2
microcode	: 0x13
cpu MHz		: 2393.819
cache size	: 12288 KB
physical id	: 0
siblings	: 12
core id		: 10
cpu cores	: 6
apicid		: 21
initial apicid	: 21
fpu		: yes
fpu_exception	: yes
cpuid level	: 11
wp		: yes
flags		: fpu vme de pse tsc msr pae mce cx8 apic sep mtrr pge mca cmov pat pse36 clflush dts acpi mmx fxsr sse sse2 ss ht tm pbe syscall nx pdpe1gb rdtscp lm constant_tsc arch_perfmon pebs bts rep_good nopl xtopology nonstop_tsc aperfmperf pni pclmulqdq dtes64 monitor ds_cpl vmx smx est tm2 ssse3 cx16 xtpr pdcm pcid dca sse4_1 sse4_2 popcnt aes lahf_lm ida arat dtherm tpr_shadow vnmi flexpriority ept vpid
bogomips	: 4787.83
clflush size	: 64
cache_alignment	: 64
address sizes	: 40 bits physical, 48 bits virtual
power management:



Memory: 4k page, physical 24508520k(9931736k free), swap 1023996k(1023996k free)

vm_info: OpenJDK 64-Bit Server VM (25.111-b15) for linux-amd64 JRE (1.8.0_111-b15), built on Oct 10 2016 23:29:28 by "mockbuild" with gcc 4.8.5 20150623 (Red Hat 4.8.5-4)

time: Tue Mar 28 20:16:00 2017
elapsed time: 0 seconds (0d 0h 0m 0s)

